The system is: Darwin - 19.4.0 - x86_64
Compiling the C compiler identification source file "CMakeCCompilerId.c" succeeded.
Compiler: /usr/local/bin/gcc-9 
Build flags: 
Id flags:  

The output was:
0


Compilation of the C compiler identification source "CMakeCCompilerId.c" produced "a.out"

The C compiler identification is GNU, found in "/Users/yxguo/code/git_repos_local/USTC-ArtificialIntelligence-2020S/Lab1/cmake-build-debug/CMakeFiles/3.15.3/CompilerIdC/a.out"

Compiling the CXX compiler identification source file "CMakeCXXCompilerId.cpp" succeeded.
Compiler: /Library/Developer/CommandLineTools/usr/bin/c++ 
Build flags: 
Id flags:  

The output was:
0


Compilation of the CXX compiler identification source "CMakeCXXCompilerId.cpp" produced "a.out"

The CXX compiler identification is AppleClang, found in "/Users/yxguo/code/git_repos_local/USTC-ArtificialIntelligence-2020S/Lab1/cmake-build-debug/CMakeFiles/3.15.3/CompilerIdCXX/a.out"

Determining if the C compiler works passed with the following output:
Change Dir: /Users/yxguo/code/git_repos_local/USTC-ArtificialIntelligence-2020S/Lab1/cmake-build-debug/CMakeFiles/CMakeTmp

Run Build Command(s):/usr/local/bin/gmake cmTC_461ce/fast && /usr/local/bin/gmake -f CMakeFiles/cmTC_461ce.dir/build.make CMakeFiles/cmTC_461ce.dir/build
gmake[1]: Entering directory '/Users/yxguo/code/git_repos_local/USTC-ArtificialIntelligence-2020S/Lab1/cmake-build-debug/CMakeFiles/CMakeTmp'
Building C object CMakeFiles/cmTC_461ce.dir/testCCompiler.c.o
/usr/local/bin/gcc-9   -isysroot /Library/Developer/CommandLineTools/SDKs/MacOSX10.15.sdk   -o CMakeFiles/cmTC_461ce.dir/testCCompiler.c.o   -c /Users/yxguo/code/git_repos_local/USTC-ArtificialIntelligence-2020S/Lab1/cmake-build-debug/CMakeFiles/CMakeTmp/testCCompiler.c
Linking C executable cmTC_461ce
/Applications/CLion.app/Contents/bin/cmake/mac/bin/cmake -E cmake_link_script CMakeFiles/cmTC_461ce.dir/link.txt --verbose=1
/usr/local/bin/gcc-9   -isysroot /Library/Developer/CommandLineTools/SDKs/MacOSX10.15.sdk -Wl,-search_paths_first -Wl,-headerpad_max_install_names -L/usr/local/opt/qt/lib  CMakeFiles/cmTC_461ce.dir/testCCompiler.c.o  -o cmTC_461ce 
gmake[1]: Leaving directory '/Users/yxguo/code/git_repos_local/USTC-ArtificialIntelligence-2020S/Lab1/cmake-build-debug/CMakeFiles/CMakeTmp'



Detecting C compiler ABI info compiled with the following output:
Change Dir: /Users/yxguo/code/git_repos_local/USTC-ArtificialIntelligence-2020S/Lab1/cmake-build-debug/CMakeFiles/CMakeTmp

Run Build Command(s):/usr/local/bin/gmake cmTC_39bd3/fast && /usr/local/bin/gmake -f CMakeFiles/cmTC_39bd3.dir/build.make CMakeFiles/cmTC_39bd3.dir/build
gmake[1]: Entering directory '/Users/yxguo/code/git_repos_local/USTC-ArtificialIntelligence-2020S/Lab1/cmake-build-debug/CMakeFiles/CMakeTmp'
Building C object CMakeFiles/cmTC_39bd3.dir/CMakeCCompilerABI.c.o
/usr/local/bin/gcc-9   -isysroot /Library/Developer/CommandLineTools/SDKs/MacOSX10.15.sdk   -v -Wl,-v -o CMakeFiles/cmTC_39bd3.dir/CMakeCCompilerABI.c.o   -c /Applications/CLion.app/Contents/bin/cmake/mac/share/cmake-3.15/Modules/CMakeCCompilerABI.c
Using built-in specs.
COLLECT_GCC=/usr/local/bin/gcc-9
Target: x86_64-apple-darwin19
Configured with: ../configure --build=x86_64-apple-darwin19 --prefix=/usr/local/Cellar/gcc/9.3.0_1 --libdir=/usr/local/Cellar/gcc/9.3.0_1/lib/gcc/9 --disable-nls --enable-checking=release --enable-languages=c,c++,objc,obj-c++,fortran --program-suffix=-9 --with-gmp=/usr/local/opt/gmp --with-mpfr=/usr/local/opt/mpfr --with-mpc=/usr/local/opt/libmpc --with-isl=/usr/local/opt/isl --with-system-zlib --with-pkgversion='Homebrew GCC 9.3.0_1' --with-bugurl=https://github.com/Homebrew/homebrew-core/issues --disable-multilib --with-native-system-header-dir=/usr/include --with-sysroot=/Library/Developer/CommandLineTools/SDKs/MacOSX10.15.sdk SED=/usr/bin/sed
Thread model: posix
gcc version 9.3.0 (Homebrew GCC 9.3.0_1) 
COLLECT_GCC_OPTIONS='-isysroot' '/Library/Developer/CommandLineTools/SDKs/MacOSX10.15.sdk' '-v' '-o' 'CMakeFiles/cmTC_39bd3.dir/CMakeCCompilerABI.c.o' '-c' '-mmacosx-version-min=10.15.0' '-asm_macosx_version_min=10.15' '-mtune=core2'
 /usr/local/Cellar/gcc/9.3.0_1/libexec/gcc/x86_64-apple-darwin19/9.3.0/cc1 -quiet -v -D__DYNAMIC__ -isysroot /Library/Developer/CommandLineTools/SDKs/MacOSX10.15.sdk /Applications/CLion.app/Contents/bin/cmake/mac/share/cmake-3.15/Modules/CMakeCCompilerABI.c -fPIC -quiet -dumpbase CMakeCCompilerABI.c -mmacosx-version-min=10.15.0 -mtune=core2 -auxbase-strip CMakeFiles/cmTC_39bd3.dir/CMakeCCompilerABI.c.o -version -o /var/folders/w4/m55bc8td5rj54jv1wm4x51jw0000gn/T//cciGfmSS.s
GNU C17 (Homebrew GCC 9.3.0_1) version 9.3.0 (x86_64-apple-darwin19)
	compiled by GNU C version 9.3.0, GMP version 6.2.0, MPFR version 4.0.2, MPC version 1.1.0, isl version isl-0.22.1-GMP

GGC heuristics: --param ggc-min-expand=100 --param ggc-min-heapsize=131072
ignoring nonexistent directory "/Library/Developer/CommandLineTools/SDKs/MacOSX10.15.sdk/usr/local/include"
ignoring nonexistent directory "/usr/local/Cellar/gcc/9.3.0_1/lib/gcc/9/gcc/x86_64-apple-darwin19/9.3.0/../../../../../../x86_64-apple-darwin19/include"
ignoring nonexistent directory "/Library/Developer/CommandLineTools/SDKs/MacOSX10.15.sdk/Library/Frameworks"
#include "..." search starts here:
#include <...> search starts here:
 /usr/local/Cellar/gcc/9.3.0_1/lib/gcc/9/gcc/x86_64-apple-darwin19/9.3.0/include
 /usr/local/Cellar/gcc/9.3.0_1/lib/gcc/9/gcc/x86_64-apple-darwin19/9.3.0/include-fixed
 /Library/Developer/CommandLineTools/SDKs/MacOSX10.15.sdk/usr/include
 /Library/Developer/CommandLineTools/SDKs/MacOSX10.15.sdk/System/Library/Frameworks
End of search list.
GNU C17 (Homebrew GCC 9.3.0_1) version 9.3.0 (x86_64-apple-darwin19)
	compiled by GNU C version 9.3.0, GMP version 6.2.0, MPFR version 4.0.2, MPC version 1.1.0, isl version isl-0.22.1-GMP

GGC heuristics: --param ggc-min-expand=100 --param ggc-min-heapsize=131072
Compiler executable checksum: ae044a5f16c973d84028a676efe7e667
COLLECT_GCC_OPTIONS='-isysroot' '/Library/Developer/CommandLineTools/SDKs/MacOSX10.15.sdk' '-v' '-o' 'CMakeFiles/cmTC_39bd3.dir/CMakeCCompilerABI.c.o' '-c' '-mmacosx-version-min=10.15.0'  '-mtune=core2'
 as -arch x86_64 -v -force_cpusubtype_ALL -mmacosx-version-min=10.15 -o CMakeFiles/cmTC_39bd3.dir/CMakeCCompilerABI.c.o /var/folders/w4/m55bc8td5rj54jv1wm4x51jw0000gn/T//cciGfmSS.s
Apple clang version 11.0.3 (clang-1103.0.32.29)
Target: x86_64-apple-darwin19.4.0
Thread model: posix
InstalledDir: /Library/Developer/CommandLineTools/usr/bin
 "/Library/Developer/CommandLineTools/usr/bin/clang" -cc1as -triple x86_64-apple-macosx10.15.0 -filetype obj -main-file-name cciGfmSS.s -target-cpu penryn -fdebug-compilation-dir /Users/yxguo/code/git_repos_local/USTC-ArtificialIntelligence-2020S/Lab1/cmake-build-debug/CMakeFiles/CMakeTmp -dwarf-debug-producer "Apple clang version 11.0.3 (clang-1103.0.32.29)" -dwarf-version=4 -mrelocation-model pic -o CMakeFiles/cmTC_39bd3.dir/CMakeCCompilerABI.c.o /var/folders/w4/m55bc8td5rj54jv1wm4x51jw0000gn/T//cciGfmSS.s
COMPILER_PATH=/usr/local/Cellar/gcc/9.3.0_1/libexec/gcc/x86_64-apple-darwin19/9.3.0/:/usr/local/Cellar/gcc/9.3.0_1/libexec/gcc/x86_64-apple-darwin19/9.3.0/:/usr/local/Cellar/gcc/9.3.0_1/libexec/gcc/x86_64-apple-darwin19/:/usr/local/Cellar/gcc/9.3.0_1/lib/gcc/9/gcc/x86_64-apple-darwin19/9.3.0/:/usr/local/Cellar/gcc/9.3.0_1/lib/gcc/9/gcc/x86_64-apple-darwin19/
LIBRARY_PATH=/usr/local/Cellar/gcc/9.3.0_1/lib/gcc/9/gcc/x86_64-apple-darwin19/9.3.0/:/usr/local/Cellar/gcc/9.3.0_1/lib/gcc/9/gcc/x86_64-apple-darwin19/9.3.0/../../../
COLLECT_GCC_OPTIONS='-isysroot' '/Library/Developer/CommandLineTools/SDKs/MacOSX10.15.sdk' '-v' '-o' 'CMakeFiles/cmTC_39bd3.dir/CMakeCCompilerABI.c.o' '-c' '-mmacosx-version-min=10.15.0'  '-mtune=core2'
Linking C executable cmTC_39bd3
/Applications/CLion.app/Contents/bin/cmake/mac/bin/cmake -E cmake_link_script CMakeFiles/cmTC_39bd3.dir/link.txt --verbose=1
/usr/local/bin/gcc-9   -isysroot /Library/Developer/CommandLineTools/SDKs/MacOSX10.15.sdk -Wl,-search_paths_first -Wl,-headerpad_max_install_names -L/usr/local/opt/qt/lib -v -Wl,-v CMakeFiles/cmTC_39bd3.dir/CMakeCCompilerABI.c.o  -o cmTC_39bd3 
Using built-in specs.
COLLECT_GCC=/usr/local/bin/gcc-9
COLLECT_LTO_WRAPPER=/usr/local/Cellar/gcc/9.3.0_1/libexec/gcc/x86_64-apple-darwin19/9.3.0/lto-wrapper
Target: x86_64-apple-darwin19
Configured with: ../configure --build=x86_64-apple-darwin19 --prefix=/usr/local/Cellar/gcc/9.3.0_1 --libdir=/usr/local/Cellar/gcc/9.3.0_1/lib/gcc/9 --disable-nls --enable-checking=release --enable-languages=c,c++,objc,obj-c++,fortran --program-suffix=-9 --with-gmp=/usr/local/opt/gmp --with-mpfr=/usr/local/opt/mpfr --with-mpc=/usr/local/opt/libmpc --with-isl=/usr/local/opt/isl --with-system-zlib --with-pkgversion='Homebrew GCC 9.3.0_1' --with-bugurl=https://github.com/Homebrew/homebrew-core/issues --disable-multilib --with-native-system-header-dir=/usr/include --with-sysroot=/Library/Developer/CommandLineTools/SDKs/MacOSX10.15.sdk SED=/usr/bin/sed
Thread model: posix
gcc version 9.3.0 (Homebrew GCC 9.3.0_1) 
COMPILER_PATH=/usr/local/Cellar/gcc/9.3.0_1/libexec/gcc/x86_64-apple-darwin19/9.3.0/:/usr/local/Cellar/gcc/9.3.0_1/libexec/gcc/x86_64-apple-darwin19/9.3.0/:/usr/local/Cellar/gcc/9.3.0_1/libexec/gcc/x86_64-apple-darwin19/:/usr/local/Cellar/gcc/9.3.0_1/lib/gcc/9/gcc/x86_64-apple-darwin19/9.3.0/:/usr/local/Cellar/gcc/9.3.0_1/lib/gcc/9/gcc/x86_64-apple-darwin19/
LIBRARY_PATH=/usr/local/Cellar/gcc/9.3.0_1/lib/gcc/9/gcc/x86_64-apple-darwin19/9.3.0/:/usr/local/Cellar/gcc/9.3.0_1/lib/gcc/9/gcc/x86_64-apple-darwin19/9.3.0/../../../
COLLECT_GCC_OPTIONS='-isysroot' '/Library/Developer/CommandLineTools/SDKs/MacOSX10.15.sdk' '-L/usr/local/opt/qt/lib' '-v' '-o' 'cmTC_39bd3' '-mmacosx-version-min=10.15.0' '-asm_macosx_version_min=10.15' '-mtune=core2'
 /usr/local/Cellar/gcc/9.3.0_1/libexec/gcc/x86_64-apple-darwin19/9.3.0/collect2 -dynamic -arch x86_64 -macosx_version_min 10.15.0 -syslibroot /Library/Developer/CommandLineTools/SDKs/MacOSX10.15.sdk -weak_reference_mismatches non-weak -o cmTC_39bd3 -L/usr/local/opt/qt/lib -L/usr/local/Cellar/gcc/9.3.0_1/lib/gcc/9/gcc/x86_64-apple-darwin19/9.3.0 -L/usr/local/Cellar/gcc/9.3.0_1/lib/gcc/9/gcc/x86_64-apple-darwin19/9.3.0/../../.. -search_paths_first -headerpad_max_install_names -v CMakeFiles/cmTC_39bd3.dir/CMakeCCompilerABI.c.o -lSystem -lgcc_ext.10.5 -lgcc -lSystem -no_compact_unwind -v
collect2 version 9.3.0
/usr/bin/ld -dynamic -arch x86_64 -macosx_version_min 10.15.0 -syslibroot /Library/Developer/CommandLineTools/SDKs/MacOSX10.15.sdk -weak_reference_mismatches non-weak -o cmTC_39bd3 -L/usr/local/opt/qt/lib -L/usr/local/Cellar/gcc/9.3.0_1/lib/gcc/9/gcc/x86_64-apple-darwin19/9.3.0 -L/usr/local/Cellar/gcc/9.3.0_1/lib/gcc/9/gcc/x86_64-apple-darwin19/9.3.0/../../.. -search_paths_first -headerpad_max_install_names -v CMakeFiles/cmTC_39bd3.dir/CMakeCCompilerABI.c.o -lSystem -lgcc_ext.10.5 -lgcc -lSystem -no_compact_unwind -v
@(#)PROGRAM:ld  PROJECT:ld64-556.5
BUILD 19:04:29 Mar  6 2020
configured to support archs: armv6 armv7 armv7s arm64 arm64e arm64_32 i386 x86_64 x86_64h armv6m armv7k armv7m armv7em
@(#)PROGRAM:ld  PROJECT:ld64-556.5
BUILD 19:04:29 Mar  6 2020
configured to support archs: armv6 armv7 armv7s arm64 arm64e arm64_32 i386 x86_64 x86_64h armv6m armv7k armv7m armv7em
Library search paths:
	/usr/local/opt/qt/lib
	/usr/local/Cellar/gcc/9.3.0_1/lib/gcc/9/gcc/x86_64-apple-darwin19/9.3.0
	/usr/local/Cellar/gcc/9.3.0_1/lib/gcc/9
	/Library/Developer/CommandLineTools/SDKs/MacOSX10.15.sdk/usr/lib
Framework search paths:
	/Library/Developer/CommandLineTools/SDKs/MacOSX10.15.sdk/System/Library/Frameworks/
gmake[1]: Leaving directory '/Users/yxguo/code/git_repos_local/USTC-ArtificialIntelligence-2020S/Lab1/cmake-build-debug/CMakeFiles/CMakeTmp'



Parsed C implicit include dir info from above output: rv=done
  found start of include info
  found start of implicit include info
    add: [/usr/local/Cellar/gcc/9.3.0_1/lib/gcc/9/gcc/x86_64-apple-darwin19/9.3.0/include]
    add: [/usr/local/Cellar/gcc/9.3.0_1/lib/gcc/9/gcc/x86_64-apple-darwin19/9.3.0/include-fixed]
    add: [/Library/Developer/CommandLineTools/SDKs/MacOSX10.15.sdk/usr/include]
    add: [/Library/Developer/CommandLineTools/SDKs/MacOSX10.15.sdk/System/Library/Frameworks]
  end of search list found
  collapse include dir [/usr/local/Cellar/gcc/9.3.0_1/lib/gcc/9/gcc/x86_64-apple-darwin19/9.3.0/include] ==> [/usr/local/Cellar/gcc/9.3.0_1/lib/gcc/9/gcc/x86_64-apple-darwin19/9.3.0/include]
  collapse include dir [/usr/local/Cellar/gcc/9.3.0_1/lib/gcc/9/gcc/x86_64-apple-darwin19/9.3.0/include-fixed] ==> [/usr/local/Cellar/gcc/9.3.0_1/lib/gcc/9/gcc/x86_64-apple-darwin19/9.3.0/include-fixed]
  collapse include dir [/Library/Developer/CommandLineTools/SDKs/MacOSX10.15.sdk/usr/include] ==> [/Library/Developer/CommandLineTools/SDKs/MacOSX10.15.sdk/usr/include]
  collapse include dir [/Library/Developer/CommandLineTools/SDKs/MacOSX10.15.sdk/System/Library/Frameworks] ==> [/Library/Developer/CommandLineTools/SDKs/MacOSX10.15.sdk/System/Library/Frameworks]
  implicit include dirs: [/usr/local/Cellar/gcc/9.3.0_1/lib/gcc/9/gcc/x86_64-apple-darwin19/9.3.0/include;/usr/local/Cellar/gcc/9.3.0_1/lib/gcc/9/gcc/x86_64-apple-darwin19/9.3.0/include-fixed;/Library/Developer/CommandLineTools/SDKs/MacOSX10.15.sdk/usr/include;/Library/Developer/CommandLineTools/SDKs/MacOSX10.15.sdk/System/Library/Frameworks]


Parsed C implicit link information from above output:
  link line regex: [^( *|.*[/\])(ld|CMAKE_LINK_STARTFILE-NOTFOUND|([^/\]+-)?ld|collect2)[^/\]*( |$)]
  ignore line: [Change Dir: /Users/yxguo/code/git_repos_local/USTC-ArtificialIntelligence-2020S/Lab1/cmake-build-debug/CMakeFiles/CMakeTmp]
  ignore line: []
  ignore line: [Run Build Command(s):/usr/local/bin/gmake cmTC_39bd3/fast && /usr/local/bin/gmake -f CMakeFiles/cmTC_39bd3.dir/build.make CMakeFiles/cmTC_39bd3.dir/build]
  ignore line: [gmake[1]: Entering directory '/Users/yxguo/code/git_repos_local/USTC-ArtificialIntelligence-2020S/Lab1/cmake-build-debug/CMakeFiles/CMakeTmp']
  ignore line: [Building C object CMakeFiles/cmTC_39bd3.dir/CMakeCCompilerABI.c.o]
  ignore line: [/usr/local/bin/gcc-9   -isysroot /Library/Developer/CommandLineTools/SDKs/MacOSX10.15.sdk   -v -Wl,-v -o CMakeFiles/cmTC_39bd3.dir/CMakeCCompilerABI.c.o   -c /Applications/CLion.app/Contents/bin/cmake/mac/share/cmake-3.15/Modules/CMakeCCompilerABI.c]
  ignore line: [Using built-in specs.]
  ignore line: [COLLECT_GCC=/usr/local/bin/gcc-9]
  ignore line: [Target: x86_64-apple-darwin19]
  ignore line: [Configured with: ../configure --build=x86_64-apple-darwin19 --prefix=/usr/local/Cellar/gcc/9.3.0_1 --libdir=/usr/local/Cellar/gcc/9.3.0_1/lib/gcc/9 --disable-nls --enable-checking=release --enable-languages=c,c++,objc,obj-c++,fortran --program-suffix=-9 --with-gmp=/usr/local/opt/gmp --with-mpfr=/usr/local/opt/mpfr --with-mpc=/usr/local/opt/libmpc --with-isl=/usr/local/opt/isl --with-system-zlib --with-pkgversion='Homebrew GCC 9.3.0_1' --with-bugurl=https://github.com/Homebrew/homebrew-core/issues --disable-multilib --with-native-system-header-dir=/usr/include --with-sysroot=/Library/Developer/CommandLineTools/SDKs/MacOSX10.15.sdk SED=/usr/bin/sed]
  ignore line: [Thread model: posix]
  ignore line: [gcc version 9.3.0 (Homebrew GCC 9.3.0_1) ]
  ignore line: [COLLECT_GCC_OPTIONS='-isysroot' '/Library/Developer/CommandLineTools/SDKs/MacOSX10.15.sdk' '-v' '-o' 'CMakeFiles/cmTC_39bd3.dir/CMakeCCompilerABI.c.o' '-c' '-mmacosx-version-min=10.15.0' '-asm_macosx_version_min=10.15' '-mtune=core2']
  ignore line: [ /usr/local/Cellar/gcc/9.3.0_1/libexec/gcc/x86_64-apple-darwin19/9.3.0/cc1 -quiet -v -D__DYNAMIC__ -isysroot /Library/Developer/CommandLineTools/SDKs/MacOSX10.15.sdk /Applications/CLion.app/Contents/bin/cmake/mac/share/cmake-3.15/Modules/CMakeCCompilerABI.c -fPIC -quiet -dumpbase CMakeCCompilerABI.c -mmacosx-version-min=10.15.0 -mtune=core2 -auxbase-strip CMakeFiles/cmTC_39bd3.dir/CMakeCCompilerABI.c.o -version -o /var/folders/w4/m55bc8td5rj54jv1wm4x51jw0000gn/T//cciGfmSS.s]
  ignore line: [GNU C17 (Homebrew GCC 9.3.0_1) version 9.3.0 (x86_64-apple-darwin19)]
  ignore line: [	compiled by GNU C version 9.3.0, GMP version 6.2.0, MPFR version 4.0.2, MPC version 1.1.0, isl version isl-0.22.1-GMP]
  ignore line: []
  ignore line: [GGC heuristics: --param ggc-min-expand=100 --param ggc-min-heapsize=131072]
  ignore line: [ignoring nonexistent directory "/Library/Developer/CommandLineTools/SDKs/MacOSX10.15.sdk/usr/local/include"]
  ignore line: [ignoring nonexistent directory "/usr/local/Cellar/gcc/9.3.0_1/lib/gcc/9/gcc/x86_64-apple-darwin19/9.3.0/../../../../../../x86_64-apple-darwin19/include"]
  ignore line: [ignoring nonexistent directory "/Library/Developer/CommandLineTools/SDKs/MacOSX10.15.sdk/Library/Frameworks"]
  ignore line: [#include "..." search starts here:]
  ignore line: [#include <...> search starts here:]
  ignore line: [ /usr/local/Cellar/gcc/9.3.0_1/lib/gcc/9/gcc/x86_64-apple-darwin19/9.3.0/include]
  ignore line: [ /usr/local/Cellar/gcc/9.3.0_1/lib/gcc/9/gcc/x86_64-apple-darwin19/9.3.0/include-fixed]
  ignore line: [ /Library/Developer/CommandLineTools/SDKs/MacOSX10.15.sdk/usr/include]
  ignore line: [ /Library/Developer/CommandLineTools/SDKs/MacOSX10.15.sdk/System/Library/Frameworks]
  ignore line: [End of search list.]
  ignore line: [GNU C17 (Homebrew GCC 9.3.0_1) version 9.3.0 (x86_64-apple-darwin19)]
  ignore line: [	compiled by GNU C version 9.3.0, GMP version 6.2.0, MPFR version 4.0.2, MPC version 1.1.0, isl version isl-0.22.1-GMP]
  ignore line: []
  ignore line: [GGC heuristics: --param ggc-min-expand=100 --param ggc-min-heapsize=131072]
  ignore line: [Compiler executable checksum: ae044a5f16c973d84028a676efe7e667]
  ignore line: [COLLECT_GCC_OPTIONS='-isysroot' '/Library/Developer/CommandLineTools/SDKs/MacOSX10.15.sdk' '-v' '-o' 'CMakeFiles/cmTC_39bd3.dir/CMakeCCompilerABI.c.o' '-c' '-mmacosx-version-min=10.15.0'  '-mtune=core2']
  ignore line: [ as -arch x86_64 -v -force_cpusubtype_ALL -mmacosx-version-min=10.15 -o CMakeFiles/cmTC_39bd3.dir/CMakeCCompilerABI.c.o /var/folders/w4/m55bc8td5rj54jv1wm4x51jw0000gn/T//cciGfmSS.s]
  ignore line: [Apple clang version 11.0.3 (clang-1103.0.32.29)]
  ignore line: [Target: x86_64-apple-darwin19.4.0]
  ignore line: [Thread model: posix]
  ignore line: [InstalledDir: /Library/Developer/CommandLineTools/usr/bin]
  ignore line: [ "/Library/Developer/CommandLineTools/usr/bin/clang" -cc1as -triple x86_64-apple-macosx10.15.0 -filetype obj -main-file-name cciGfmSS.s -target-cpu penryn -fdebug-compilation-dir /Users/yxguo/code/git_repos_local/USTC-ArtificialIntelligence-2020S/Lab1/cmake-build-debug/CMakeFiles/CMakeTmp -dwarf-debug-producer "Apple clang version 11.0.3 (clang-1103.0.32.29)" -dwarf-version=4 -mrelocation-model pic -o CMakeFiles/cmTC_39bd3.dir/CMakeCCompilerABI.c.o /var/folders/w4/m55bc8td5rj54jv1wm4x51jw0000gn/T//cciGfmSS.s]
  ignore line: [COMPILER_PATH=/usr/local/Cellar/gcc/9.3.0_1/libexec/gcc/x86_64-apple-darwin19/9.3.0/:/usr/local/Cellar/gcc/9.3.0_1/libexec/gcc/x86_64-apple-darwin19/9.3.0/:/usr/local/Cellar/gcc/9.3.0_1/libexec/gcc/x86_64-apple-darwin19/:/usr/local/Cellar/gcc/9.3.0_1/lib/gcc/9/gcc/x86_64-apple-darwin19/9.3.0/:/usr/local/Cellar/gcc/9.3.0_1/lib/gcc/9/gcc/x86_64-apple-darwin19/]
  ignore line: [LIBRARY_PATH=/usr/local/Cellar/gcc/9.3.0_1/lib/gcc/9/gcc/x86_64-apple-darwin19/9.3.0/:/usr/local/Cellar/gcc/9.3.0_1/lib/gcc/9/gcc/x86_64-apple-darwin19/9.3.0/../../../]
  ignore line: [COLLECT_GCC_OPTIONS='-isysroot' '/Library/Developer/CommandLineTools/SDKs/MacOSX10.15.sdk' '-v' '-o' 'CMakeFiles/cmTC_39bd3.dir/CMakeCCompilerABI.c.o' '-c' '-mmacosx-version-min=10.15.0'  '-mtune=core2']
  ignore line: [Linking C executable cmTC_39bd3]
  ignore line: [/Applications/CLion.app/Contents/bin/cmake/mac/bin/cmake -E cmake_link_script CMakeFiles/cmTC_39bd3.dir/link.txt --verbose=1]
  ignore line: [/usr/local/bin/gcc-9   -isysroot /Library/Developer/CommandLineTools/SDKs/MacOSX10.15.sdk -Wl,-search_paths_first -Wl,-headerpad_max_install_names -L/usr/local/opt/qt/lib -v -Wl,-v CMakeFiles/cmTC_39bd3.dir/CMakeCCompilerABI.c.o  -o cmTC_39bd3 ]
  ignore line: [Using built-in specs.]
  ignore line: [COLLECT_GCC=/usr/local/bin/gcc-9]
  ignore line: [COLLECT_LTO_WRAPPER=/usr/local/Cellar/gcc/9.3.0_1/libexec/gcc/x86_64-apple-darwin19/9.3.0/lto-wrapper]
  ignore line: [Target: x86_64-apple-darwin19]
  ignore line: [Configured with: ../configure --build=x86_64-apple-darwin19 --prefix=/usr/local/Cellar/gcc/9.3.0_1 --libdir=/usr/local/Cellar/gcc/9.3.0_1/lib/gcc/9 --disable-nls --enable-checking=release --enable-languages=c,c++,objc,obj-c++,fortran --program-suffix=-9 --with-gmp=/usr/local/opt/gmp --with-mpfr=/usr/local/opt/mpfr --with-mpc=/usr/local/opt/libmpc --with-isl=/usr/local/opt/isl --with-system-zlib --with-pkgversion='Homebrew GCC 9.3.0_1' --with-bugurl=https://github.com/Homebrew/homebrew-core/issues --disable-multilib --with-native-system-header-dir=/usr/include --with-sysroot=/Library/Developer/CommandLineTools/SDKs/MacOSX10.15.sdk SED=/usr/bin/sed]
  ignore line: [Thread model: posix]
  ignore line: [gcc version 9.3.0 (Homebrew GCC 9.3.0_1) ]
  ignore line: [COMPILER_PATH=/usr/local/Cellar/gcc/9.3.0_1/libexec/gcc/x86_64-apple-darwin19/9.3.0/:/usr/local/Cellar/gcc/9.3.0_1/libexec/gcc/x86_64-apple-darwin19/9.3.0/:/usr/local/Cellar/gcc/9.3.0_1/libexec/gcc/x86_64-apple-darwin19/:/usr/local/Cellar/gcc/9.3.0_1/lib/gcc/9/gcc/x86_64-apple-darwin19/9.3.0/:/usr/local/Cellar/gcc/9.3.0_1/lib/gcc/9/gcc/x86_64-apple-darwin19/]
  ignore line: [LIBRARY_PATH=/usr/local/Cellar/gcc/9.3.0_1/lib/gcc/9/gcc/x86_64-apple-darwin19/9.3.0/:/usr/local/Cellar/gcc/9.3.0_1/lib/gcc/9/gcc/x86_64-apple-darwin19/9.3.0/../../../]
  ignore line: [COLLECT_GCC_OPTIONS='-isysroot' '/Library/Developer/CommandLineTools/SDKs/MacOSX10.15.sdk' '-L/usr/local/opt/qt/lib' '-v' '-o' 'cmTC_39bd3' '-mmacosx-version-min=10.15.0' '-asm_macosx_version_min=10.15' '-mtune=core2']
  link line: [ /usr/local/Cellar/gcc/9.3.0_1/libexec/gcc/x86_64-apple-darwin19/9.3.0/collect2 -dynamic -arch x86_64 -macosx_version_min 10.15.0 -syslibroot /Library/Developer/CommandLineTools/SDKs/MacOSX10.15.sdk -weak_reference_mismatches non-weak -o cmTC_39bd3 -L/usr/local/opt/qt/lib -L/usr/local/Cellar/gcc/9.3.0_1/lib/gcc/9/gcc/x86_64-apple-darwin19/9.3.0 -L/usr/local/Cellar/gcc/9.3.0_1/lib/gcc/9/gcc/x86_64-apple-darwin19/9.3.0/../../.. -search_paths_first -headerpad_max_install_names -v CMakeFiles/cmTC_39bd3.dir/CMakeCCompilerABI.c.o -lSystem -lgcc_ext.10.5 -lgcc -lSystem -no_compact_unwind -v]
    arg [/usr/local/Cellar/gcc/9.3.0_1/libexec/gcc/x86_64-apple-darwin19/9.3.0/collect2] ==> ignore
    arg [-dynamic] ==> ignore
    arg [-arch] ==> ignore
    arg [x86_64] ==> ignore
    arg [-macosx_version_min] ==> ignore
    arg [10.15.0] ==> ignore
    arg [-syslibroot] ==> ignore
    arg [/Library/Developer/CommandLineTools/SDKs/MacOSX10.15.sdk] ==> ignore
    arg [-weak_reference_mismatches] ==> ignore
    arg [non-weak] ==> ignore
    arg [-o] ==> ignore
    arg [cmTC_39bd3] ==> ignore
    arg [-L/usr/local/opt/qt/lib] ==> dir [/usr/local/opt/qt/lib]
    arg [-L/usr/local/Cellar/gcc/9.3.0_1/lib/gcc/9/gcc/x86_64-apple-darwin19/9.3.0] ==> dir [/usr/local/Cellar/gcc/9.3.0_1/lib/gcc/9/gcc/x86_64-apple-darwin19/9.3.0]
    arg [-L/usr/local/Cellar/gcc/9.3.0_1/lib/gcc/9/gcc/x86_64-apple-darwin19/9.3.0/../../..] ==> dir [/usr/local/Cellar/gcc/9.3.0_1/lib/gcc/9/gcc/x86_64-apple-darwin19/9.3.0/../../..]
    arg [-search_paths_first] ==> ignore
    arg [-headerpad_max_install_names] ==> ignore
    arg [-v] ==> ignore
    arg [CMakeFiles/cmTC_39bd3.dir/CMakeCCompilerABI.c.o] ==> ignore
    arg [-lSystem] ==> lib [System]
    arg [-lgcc_ext.10.5] ==> lib [gcc_ext.10.5]
    arg [-lgcc] ==> lib [gcc]
    arg [-lSystem] ==> lib [System]
    arg [-no_compact_unwind] ==> ignore
    arg [-v] ==> ignore
  Library search paths: [;/usr/local/opt/qt/lib;/usr/local/Cellar/gcc/9.3.0_1/lib/gcc/9/gcc/x86_64-apple-darwin19/9.3.0;/usr/local/Cellar/gcc/9.3.0_1/lib/gcc/9;/Library/Developer/CommandLineTools/SDKs/MacOSX10.15.sdk/usr/lib]
  Framework search paths: [;/Library/Developer/CommandLineTools/SDKs/MacOSX10.15.sdk/System/Library/Frameworks/]
  remove lib [System]
  remove lib [System]
  collapse library dir [/usr/local/opt/qt/lib] ==> [/usr/local/opt/qt/lib]
  collapse library dir [/usr/local/Cellar/gcc/9.3.0_1/lib/gcc/9/gcc/x86_64-apple-darwin19/9.3.0] ==> [/usr/local/Cellar/gcc/9.3.0_1/lib/gcc/9/gcc/x86_64-apple-darwin19/9.3.0]
  collapse library dir [/usr/local/Cellar/gcc/9.3.0_1/lib/gcc/9/gcc/x86_64-apple-darwin19/9.3.0/../../..] ==> [/usr/local/Cellar/gcc/9.3.0_1/lib/gcc/9]
  collapse library dir [/usr/local/opt/qt/lib] ==> [/usr/local/opt/qt/lib]
  collapse library dir [/usr/local/Cellar/gcc/9.3.0_1/lib/gcc/9/gcc/x86_64-apple-darwin19/9.3.0] ==> [/usr/local/Cellar/gcc/9.3.0_1/lib/gcc/9/gcc/x86_64-apple-darwin19/9.3.0]
  collapse library dir [/usr/local/Cellar/gcc/9.3.0_1/lib/gcc/9] ==> [/usr/local/Cellar/gcc/9.3.0_1/lib/gcc/9]
  collapse library dir [/Library/Developer/CommandLineTools/SDKs/MacOSX10.15.sdk/usr/lib] ==> [/Library/Developer/CommandLineTools/SDKs/MacOSX10.15.sdk/usr/lib]
  collapse framework dir [/Library/Developer/CommandLineTools/SDKs/MacOSX10.15.sdk/System/Library/Frameworks/] ==> [/Library/Developer/CommandLineTools/SDKs/MacOSX10.15.sdk/System/Library/Frameworks]
  implicit libs: [gcc_ext.10.5;gcc]
  implicit dirs: [/usr/local/opt/qt/lib;/usr/local/Cellar/gcc/9.3.0_1/lib/gcc/9/gcc/x86_64-apple-darwin19/9.3.0;/usr/local/Cellar/gcc/9.3.0_1/lib/gcc/9;/Library/Developer/CommandLineTools/SDKs/MacOSX10.15.sdk/usr/lib]
  implicit fwks: [/Library/Developer/CommandLineTools/SDKs/MacOSX10.15.sdk/System/Library/Frameworks]


Determining if the CXX compiler works passed with the following output:
Change Dir: /Users/yxguo/code/git_repos_local/USTC-ArtificialIntelligence-2020S/Lab1/cmake-build-debug/CMakeFiles/CMakeTmp

Run Build Command(s):/usr/local/bin/gmake cmTC_2da55/fast && /usr/local/bin/gmake -f CMakeFiles/cmTC_2da55.dir/build.make CMakeFiles/cmTC_2da55.dir/build
gmake[1]: Entering directory '/Users/yxguo/code/git_repos_local/USTC-ArtificialIntelligence-2020S/Lab1/cmake-build-debug/CMakeFiles/CMakeTmp'
Building CXX object CMakeFiles/cmTC_2da55.dir/testCXXCompiler.cxx.o
/Library/Developer/CommandLineTools/usr/bin/c++    -isysroot /Library/Developer/CommandLineTools/SDKs/MacOSX10.15.sdk   -o CMakeFiles/cmTC_2da55.dir/testCXXCompiler.cxx.o -c /Users/yxguo/code/git_repos_local/USTC-ArtificialIntelligence-2020S/Lab1/cmake-build-debug/CMakeFiles/CMakeTmp/testCXXCompiler.cxx
Linking CXX executable cmTC_2da55
/Applications/CLion.app/Contents/bin/cmake/mac/bin/cmake -E cmake_link_script CMakeFiles/cmTC_2da55.dir/link.txt --verbose=1
/Library/Developer/CommandLineTools/usr/bin/c++    -isysroot /Library/Developer/CommandLineTools/SDKs/MacOSX10.15.sdk -Wl,-search_paths_first -Wl,-headerpad_max_install_names -L/usr/local/opt/qt/lib  CMakeFiles/cmTC_2da55.dir/testCXXCompiler.cxx.o  -o cmTC_2da55 
gmake[1]: Leaving directory '/Users/yxguo/code/git_repos_local/USTC-ArtificialIntelligence-2020S/Lab1/cmake-build-debug/CMakeFiles/CMakeTmp'



Detecting CXX compiler ABI info compiled with the following output:
Change Dir: /Users/yxguo/code/git_repos_local/USTC-ArtificialIntelligence-2020S/Lab1/cmake-build-debug/CMakeFiles/CMakeTmp

Run Build Command(s):/usr/local/bin/gmake cmTC_8fbb7/fast && /usr/local/bin/gmake -f CMakeFiles/cmTC_8fbb7.dir/build.make CMakeFiles/cmTC_8fbb7.dir/build
gmake[1]: Entering directory '/Users/yxguo/code/git_repos_local/USTC-ArtificialIntelligence-2020S/Lab1/cmake-build-debug/CMakeFiles/CMakeTmp'
Building CXX object CMakeFiles/cmTC_8fbb7.dir/CMakeCXXCompilerABI.cpp.o
/Library/Developer/CommandLineTools/usr/bin/c++    -isysroot /Library/Developer/CommandLineTools/SDKs/MacOSX10.15.sdk   -v -Wl,-v -o CMakeFiles/cmTC_8fbb7.dir/CMakeCXXCompilerABI.cpp.o -c /Applications/CLion.app/Contents/bin/cmake/mac/share/cmake-3.15/Modules/CMakeCXXCompilerABI.cpp
Apple clang version 11.0.3 (clang-1103.0.32.29)
Target: x86_64-apple-darwin19.4.0
Thread model: posix
InstalledDir: /Library/Developer/CommandLineTools/usr/bin
clang: warning: -Wl,-v: 'linker' input unused [-Wunused-command-line-argument]
 "/Library/Developer/CommandLineTools/usr/bin/clang" -cc1 -triple x86_64-apple-macosx10.15.0 -Wdeprecated-objc-isa-usage -Werror=deprecated-objc-isa-usage -emit-obj -mrelax-all -disable-free -disable-llvm-verifier -discard-value-names -main-file-name CMakeCXXCompilerABI.cpp -mrelocation-model pic -pic-level 2 -mthread-model posix -mframe-pointer=all -fno-strict-return -masm-verbose -munwind-tables -target-sdk-version=10.15.4 -target-cpu penryn -dwarf-column-info -debugger-tuning=lldb -target-linker-version 556.5 -v -coverage-notes-file /Users/yxguo/code/git_repos_local/USTC-ArtificialIntelligence-2020S/Lab1/cmake-build-debug/CMakeFiles/CMakeTmp/CMakeFiles/cmTC_8fbb7.dir/CMakeCXXCompilerABI.cpp.gcno -resource-dir /Library/Developer/CommandLineTools/usr/lib/clang/11.0.3 -isysroot /Library/Developer/CommandLineTools/SDKs/MacOSX10.15.sdk -stdlib=libc++ -internal-isystem /Library/Developer/CommandLineTools/usr/bin/../include/c++/v1 -internal-isystem /Library/Developer/CommandLineTools/SDKs/MacOSX10.15.sdk/usr/include/c++/v1 -internal-isystem /Library/Developer/CommandLineTools/SDKs/MacOSX10.15.sdk/usr/local/include -internal-isystem /Library/Developer/CommandLineTools/usr/lib/clang/11.0.3/include -internal-externc-isystem /Library/Developer/CommandLineTools/SDKs/MacOSX10.15.sdk/usr/include -internal-externc-isystem /Library/Developer/CommandLineTools/usr/include -Wno-objc-signed-char-bool-implicit-int-conversion -Wno-extra-semi-stmt -Wno-quoted-include-in-framework-header -fdeprecated-macro -fdebug-compilation-dir /Users/yxguo/code/git_repos_local/USTC-ArtificialIntelligence-2020S/Lab1/cmake-build-debug/CMakeFiles/CMakeTmp -ferror-limit 19 -fmessage-length 0 -stack-protector 1 -fstack-check -mdarwin-stkchk-strong-link -fblocks -fencode-extended-block-signature -fregister-global-dtors-with-atexit -fobjc-runtime=macosx-10.15.0 -fcxx-exceptions -fexceptions -fmax-type-align=16 -fdiagnostics-show-option -o CMakeFiles/cmTC_8fbb7.dir/CMakeCXXCompilerABI.cpp.o -x c++ /Applications/CLion.app/Contents/bin/cmake/mac/share/cmake-3.15/Modules/CMakeCXXCompilerABI.cpp
clang -cc1 version 11.0.3 (clang-1103.0.32.29) default target x86_64-apple-darwin19.4.0
ignoring nonexistent directory "/Library/Developer/CommandLineTools/SDKs/MacOSX10.15.sdk/usr/include/c++/v1"
ignoring nonexistent directory "/Library/Developer/CommandLineTools/SDKs/MacOSX10.15.sdk/usr/local/include"
ignoring nonexistent directory "/Library/Developer/CommandLineTools/SDKs/MacOSX10.15.sdk/Library/Frameworks"
#include "..." search starts here:
#include <...> search starts here:
 /Library/Developer/CommandLineTools/usr/bin/../include/c++/v1
 /Library/Developer/CommandLineTools/usr/lib/clang/11.0.3/include
 /Library/Developer/CommandLineTools/SDKs/MacOSX10.15.sdk/usr/include
 /Library/Developer/CommandLineTools/usr/include
 /Library/Developer/CommandLineTools/SDKs/MacOSX10.15.sdk/System/Library/Frameworks (framework directory)
End of search list.
Linking CXX executable cmTC_8fbb7
/Applications/CLion.app/Contents/bin/cmake/mac/bin/cmake -E cmake_link_script CMakeFiles/cmTC_8fbb7.dir/link.txt --verbose=1
/Library/Developer/CommandLineTools/usr/bin/c++    -isysroot /Library/Developer/CommandLineTools/SDKs/MacOSX10.15.sdk -Wl,-search_paths_first -Wl,-headerpad_max_install_names -L/usr/local/opt/qt/lib -v -Wl,-v CMakeFiles/cmTC_8fbb7.dir/CMakeCXXCompilerABI.cpp.o  -o cmTC_8fbb7 
Apple clang version 11.0.3 (clang-1103.0.32.29)
Target: x86_64-apple-darwin19.4.0
Thread model: posix
InstalledDir: /Library/Developer/CommandLineTools/usr/bin
 "/Library/Developer/CommandLineTools/usr/bin/ld" -demangle -lto_library /Library/Developer/CommandLineTools/usr/lib/libLTO.dylib -dynamic -arch x86_64 -platform_version macos 10.15.0 10.15.4 -syslibroot /Library/Developer/CommandLineTools/SDKs/MacOSX10.15.sdk -o cmTC_8fbb7 -L/usr/local/opt/qt/lib -search_paths_first -headerpad_max_install_names -v CMakeFiles/cmTC_8fbb7.dir/CMakeCXXCompilerABI.cpp.o -lc++ -lSystem /Library/Developer/CommandLineTools/usr/lib/clang/11.0.3/lib/darwin/libclang_rt.osx.a
@(#)PROGRAM:ld  PROJECT:ld64-556.5
BUILD 19:04:29 Mar  6 2020
configured to support archs: armv6 armv7 armv7s arm64 arm64e arm64_32 i386 x86_64 x86_64h armv6m armv7k armv7m armv7em
Library search paths:
	/usr/local/opt/qt/lib
	/Library/Developer/CommandLineTools/SDKs/MacOSX10.15.sdk/usr/lib
Framework search paths:
	/Library/Developer/CommandLineTools/SDKs/MacOSX10.15.sdk/System/Library/Frameworks/
gmake[1]: Leaving directory '/Users/yxguo/code/git_repos_local/USTC-ArtificialIntelligence-2020S/Lab1/cmake-build-debug/CMakeFiles/CMakeTmp'



Parsed CXX implicit include dir info from above output: rv=done
  found start of include info
  found start of implicit include info
    add: [/Library/Developer/CommandLineTools/usr/bin/../include/c++/v1]
    add: [/Library/Developer/CommandLineTools/usr/lib/clang/11.0.3/include]
    add: [/Library/Developer/CommandLineTools/SDKs/MacOSX10.15.sdk/usr/include]
    add: [/Library/Developer/CommandLineTools/usr/include]
  end of search list found
  collapse include dir [/Library/Developer/CommandLineTools/usr/bin/../include/c++/v1] ==> [/Library/Developer/CommandLineTools/usr/include/c++/v1]
  collapse include dir [/Library/Developer/CommandLineTools/usr/lib/clang/11.0.3/include] ==> [/Library/Developer/CommandLineTools/usr/lib/clang/11.0.3/include]
  collapse include dir [/Library/Developer/CommandLineTools/SDKs/MacOSX10.15.sdk/usr/include] ==> [/Library/Developer/CommandLineTools/SDKs/MacOSX10.15.sdk/usr/include]
  collapse include dir [/Library/Developer/CommandLineTools/usr/include] ==> [/Library/Developer/CommandLineTools/usr/include]
  implicit include dirs: [/Library/Developer/CommandLineTools/usr/include/c++/v1;/Library/Developer/CommandLineTools/usr/lib/clang/11.0.3/include;/Library/Developer/CommandLineTools/SDKs/MacOSX10.15.sdk/usr/include;/Library/Developer/CommandLineTools/usr/include]


Parsed CXX implicit link information from above output:
  link line regex: [^( *|.*[/\])(ld|CMAKE_LINK_STARTFILE-NOTFOUND|([^/\]+-)?ld|collect2)[^/\]*( |$)]
  ignore line: [Change Dir: /Users/yxguo/code/git_repos_local/USTC-ArtificialIntelligence-2020S/Lab1/cmake-build-debug/CMakeFiles/CMakeTmp]
  ignore line: []
  ignore line: [Run Build Command(s):/usr/local/bin/gmake cmTC_8fbb7/fast && /usr/local/bin/gmake -f CMakeFiles/cmTC_8fbb7.dir/build.make CMakeFiles/cmTC_8fbb7.dir/build]
  ignore line: [gmake[1]: Entering directory '/Users/yxguo/code/git_repos_local/USTC-ArtificialIntelligence-2020S/Lab1/cmake-build-debug/CMakeFiles/CMakeTmp']
  ignore line: [Building CXX object CMakeFiles/cmTC_8fbb7.dir/CMakeCXXCompilerABI.cpp.o]
  ignore line: [/Library/Developer/CommandLineTools/usr/bin/c++    -isysroot /Library/Developer/CommandLineTools/SDKs/MacOSX10.15.sdk   -v -Wl,-v -o CMakeFiles/cmTC_8fbb7.dir/CMakeCXXCompilerABI.cpp.o -c /Applications/CLion.app/Contents/bin/cmake/mac/share/cmake-3.15/Modules/CMakeCXXCompilerABI.cpp]
  ignore line: [Apple clang version 11.0.3 (clang-1103.0.32.29)]
  ignore line: [Target: x86_64-apple-darwin19.4.0]
  ignore line: [Thread model: posix]
  ignore line: [InstalledDir: /Library/Developer/CommandLineTools/usr/bin]
  ignore line: [clang: warning: -Wl,-v: 'linker' input unused [-Wunused-command-line-argument]]
  ignore line: [ "/Library/Developer/CommandLineTools/usr/bin/clang" -cc1 -triple x86_64-apple-macosx10.15.0 -Wdeprecated-objc-isa-usage -Werror=deprecated-objc-isa-usage -emit-obj -mrelax-all -disable-free -disable-llvm-verifier -discard-value-names -main-file-name CMakeCXXCompilerABI.cpp -mrelocation-model pic -pic-level 2 -mthread-model posix -mframe-pointer=all -fno-strict-return -masm-verbose -munwind-tables -target-sdk-version=10.15.4 -target-cpu penryn -dwarf-column-info -debugger-tuning=lldb -target-linker-version 556.5 -v -coverage-notes-file /Users/yxguo/code/git_repos_local/USTC-ArtificialIntelligence-2020S/Lab1/cmake-build-debug/CMakeFiles/CMakeTmp/CMakeFiles/cmTC_8fbb7.dir/CMakeCXXCompilerABI.cpp.gcno -resource-dir /Library/Developer/CommandLineTools/usr/lib/clang/11.0.3 -isysroot /Library/Developer/CommandLineTools/SDKs/MacOSX10.15.sdk -stdlib=libc++ -internal-isystem /Library/Developer/CommandLineTools/usr/bin/../include/c++/v1 -internal-isystem /Library/Developer/CommandLineTools/SDKs/MacOSX10.15.sdk/usr/include/c++/v1 -internal-isystem /Library/Developer/CommandLineTools/SDKs/MacOSX10.15.sdk/usr/local/include -internal-isystem /Library/Developer/CommandLineTools/usr/lib/clang/11.0.3/include -internal-externc-isystem /Library/Developer/CommandLineTools/SDKs/MacOSX10.15.sdk/usr/include -internal-externc-isystem /Library/Developer/CommandLineTools/usr/include -Wno-objc-signed-char-bool-implicit-int-conversion -Wno-extra-semi-stmt -Wno-quoted-include-in-framework-header -fdeprecated-macro -fdebug-compilation-dir /Users/yxguo/code/git_repos_local/USTC-ArtificialIntelligence-2020S/Lab1/cmake-build-debug/CMakeFiles/CMakeTmp -ferror-limit 19 -fmessage-length 0 -stack-protector 1 -fstack-check -mdarwin-stkchk-strong-link -fblocks -fencode-extended-block-signature -fregister-global-dtors-with-atexit -fobjc-runtime=macosx-10.15.0 -fcxx-exceptions -fexceptions -fmax-type-align=16 -fdiagnostics-show-option -o CMakeFiles/cmTC_8fbb7.dir/CMakeCXXCompilerABI.cpp.o -x c++ /Applications/CLion.app/Contents/bin/cmake/mac/share/cmake-3.15/Modules/CMakeCXXCompilerABI.cpp]
  ignore line: [clang -cc1 version 11.0.3 (clang-1103.0.32.29) default target x86_64-apple-darwin19.4.0]
  ignore line: [ignoring nonexistent directory "/Library/Developer/CommandLineTools/SDKs/MacOSX10.15.sdk/usr/include/c++/v1"]
  ignore line: [ignoring nonexistent directory "/Library/Developer/CommandLineTools/SDKs/MacOSX10.15.sdk/usr/local/include"]
  ignore line: [ignoring nonexistent directory "/Library/Developer/CommandLineTools/SDKs/MacOSX10.15.sdk/Library/Frameworks"]
  ignore line: [#include "..." search starts here:]
  ignore line: [#include <...> search starts here:]
  ignore line: [ /Library/Developer/CommandLineTools/usr/bin/../include/c++/v1]
  ignore line: [ /Library/Developer/CommandLineTools/usr/lib/clang/11.0.3/include]
  ignore line: [ /Library/Developer/CommandLineTools/SDKs/MacOSX10.15.sdk/usr/include]
  ignore line: [ /Library/Developer/CommandLineTools/usr/include]
  ignore line: [ /Library/Developer/CommandLineTools/SDKs/MacOSX10.15.sdk/System/Library/Frameworks (framework directory)]
  ignore line: [End of search list.]
  ignore line: [Linking CXX executable cmTC_8fbb7]
  ignore line: [/Applications/CLion.app/Contents/bin/cmake/mac/bin/cmake -E cmake_link_script CMakeFiles/cmTC_8fbb7.dir/link.txt --verbose=1]
  ignore line: [/Library/Developer/CommandLineTools/usr/bin/c++    -isysroot /Library/Developer/CommandLineTools/SDKs/MacOSX10.15.sdk -Wl,-search_paths_first -Wl,-headerpad_max_install_names -L/usr/local/opt/qt/lib -v -Wl,-v CMakeFiles/cmTC_8fbb7.dir/CMakeCXXCompilerABI.cpp.o  -o cmTC_8fbb7 ]
  ignore line: [Apple clang version 11.0.3 (clang-1103.0.32.29)]
  ignore line: [Target: x86_64-apple-darwin19.4.0]
  ignore line: [Thread model: posix]
  ignore line: [InstalledDir: /Library/Developer/CommandLineTools/usr/bin]
  link line: [ "/Library/Developer/CommandLineTools/usr/bin/ld" -demangle -lto_library /Library/Developer/CommandLineTools/usr/lib/libLTO.dylib -dynamic -arch x86_64 -platform_version macos 10.15.0 10.15.4 -syslibroot /Library/Developer/CommandLineTools/SDKs/MacOSX10.15.sdk -o cmTC_8fbb7 -L/usr/local/opt/qt/lib -search_paths_first -headerpad_max_install_names -v CMakeFiles/cmTC_8fbb7.dir/CMakeCXXCompilerABI.cpp.o -lc++ -lSystem /Library/Developer/CommandLineTools/usr/lib/clang/11.0.3/lib/darwin/libclang_rt.osx.a]
    arg [/Library/Developer/CommandLineTools/usr/bin/ld] ==> ignore
    arg [-demangle] ==> ignore
    arg [-lto_library] ==> ignore, skip following value
    arg [/Library/Developer/CommandLineTools/usr/lib/libLTO.dylib] ==> skip value of -lto_library
    arg [-dynamic] ==> ignore
    arg [-arch] ==> ignore
    arg [x86_64] ==> ignore
    arg [-platform_version] ==> ignore
    arg [macos] ==> ignore
    arg [10.15.0] ==> ignore
    arg [10.15.4] ==> ignore
    arg [-syslibroot] ==> ignore
    arg [/Library/Developer/CommandLineTools/SDKs/MacOSX10.15.sdk] ==> ignore
    arg [-o] ==> ignore
    arg [cmTC_8fbb7] ==> ignore
    arg [-L/usr/local/opt/qt/lib] ==> dir [/usr/local/opt/qt/lib]
    arg [-search_paths_first] ==> ignore
    arg [-headerpad_max_install_names] ==> ignore
    arg [-v] ==> ignore
    arg [CMakeFiles/cmTC_8fbb7.dir/CMakeCXXCompilerABI.cpp.o] ==> ignore
    arg [-lc++] ==> lib [c++]
    arg [-lSystem] ==> lib [System]
    arg [/Library/Developer/CommandLineTools/usr/lib/clang/11.0.3/lib/darwin/libclang_rt.osx.a] ==> lib [/Library/Developer/CommandLineTools/usr/lib/clang/11.0.3/lib/darwin/libclang_rt.osx.a]
  Library search paths: [;/usr/local/opt/qt/lib;/Library/Developer/CommandLineTools/SDKs/MacOSX10.15.sdk/usr/lib]
  Framework search paths: [;/Library/Developer/CommandLineTools/SDKs/MacOSX10.15.sdk/System/Library/Frameworks/]
  remove lib [System]
  remove lib [/Library/Developer/CommandLineTools/usr/lib/clang/11.0.3/lib/darwin/libclang_rt.osx.a]
  collapse library dir [/usr/local/opt/qt/lib] ==> [/usr/local/opt/qt/lib]
  collapse library dir [/usr/local/opt/qt/lib] ==> [/usr/local/opt/qt/lib]
  collapse library dir [/Library/Developer/CommandLineTools/SDKs/MacOSX10.15.sdk/usr/lib] ==> [/Library/Developer/CommandLineTools/SDKs/MacOSX10.15.sdk/usr/lib]
  collapse framework dir [/Library/Developer/CommandLineTools/SDKs/MacOSX10.15.sdk/System/Library/Frameworks/] ==> [/Library/Developer/CommandLineTools/SDKs/MacOSX10.15.sdk/System/Library/Frameworks]
  implicit libs: [c++]
  implicit dirs: [/usr/local/opt/qt/lib;/Library/Developer/CommandLineTools/SDKs/MacOSX10.15.sdk/usr/lib]
  implicit fwks: [/Library/Developer/CommandLineTools/SDKs/MacOSX10.15.sdk/System/Library/Frameworks]


